# JRE version: OpenJDK Runtime Environment (26.0.2+10) (build 26.0.2+10-55)
# Java VM: OpenJDK 64-Bit Server VM (26.0.2+10-55, mixed mode, sharing, tiered, compressed oops, compressed class ptrs, g1 gc, windows-amd64)
GC Precious Log:
 CardTable entry size: 512
 Card Set container configuration: InlinePtr #cards 4 size 8 Array Of Cards #cards 16 size 48 Howl #buckets 8 coarsen threshold 3686 Howl Bitmap #cards 512 size 80 coarsen threshold 460 Card regions per heap region 1 cards per card region 4096
 CPUs: 16 total, 16 available
 Memory: 16306M
 Large Page Support: Disabled
 NUMA Support: Disabled
 Compressed Oops: Enabled (Zero based)
 Heap Region Size: 2M
 Heap Min Capacity: 8M
 Heap Initial Capacity: 8M
 Heap Max Capacity: 4078M
 Pre-touch: Disabled
 Parallel Workers: 13
 Concurrent Workers: 3
 Concurrent Refinement Workers: 13
 Periodic GC: Disabled
Heap:
 garbage-first heap   total reserved 4175872K, committed 147456K, used 64578K [0x0000000701200000, 0x0000000800000000)
  region size 2M, 12 eden (24M), 3 survivor (6M), 16 old (32M), 2 humongous (4M), 39 free (78M)
GC Heap Usage History (20 events):
Event: 3.095 {heap Before GC invocations=15 (full 0):
 garbage-first heap   total reserved 4175872K, committed 38912K, used 32686K [0x0000000701200000, 0x0000000800000000)
  region size 2M, 10 eden (20M), 1 survivor (2M), 6 old (12M), 0 humongous (0M), 2 free (4M)
}
Event: 3.099 {heap After GC invocations=16 (full 0):
 garbage-first heap   total reserved 4175872K, committed 38912K, used 13202K [0x0000000701200000, 0x0000000800000000)
  region size 2M, 0 eden (0M), 2 survivor (4M), 6 old (12M), 0 humongous (0M), 11 free (22M)
}
Event: 3.427 {heap Before GC invocations=16 (full 0):
 garbage-first heap   total reserved 4175872K, committed 38912K, used 31634K [0x0000000701200000, 0x0000000800000000)
  region size 2M, 9 eden (18M), 2 survivor (4M), 6 old (12M), 0 humongous (0M), 2 free (4M)
}
Event: 3.433 {heap After GC invocations=17 (full 0):
 garbage-first heap   total reserved 4175872K, committed 38912K, used 14851K [0x0000000701200000, 0x0000000800000000)
  region size 2M, 0 eden (0M), 2 survivor (4M), 6 old (12M), 0 humongous (0M), 11 free (22M)
}
Event: 7.517 {heap Before GC invocations=17 (full 0):
 garbage-first heap   total reserved 4175872K, committed 38912K, used 29187K [0x0000000701200000, 0x0000000800000000)
  region size 2M, 7 eden (14M), 2 survivor (4M), 6 old (12M), 1 humongous (2M), 3 free (6M)
}
Event: 7.524 {heap After GC invocations=18 (full 0):
 garbage-first heap   total reserved 4175872K, committed 38912K, used 15857K [0x0000000701200000, 0x0000000800000000)
  region size 2M, 0 eden (0M), 2 survivor (4M), 7 old (14M), 0 humongous (0M), 10 free (20M)
}
Event: 8.238 {heap Before GC invocations=19 (full 0):
 garbage-first heap   total reserved 4175872K, committed 38912K, used 34289K [0x0000000701200000, 0x0000000800000000)
  region size 2M, 8 eden (16M), 2 survivor (4M), 7 old (14M), 1 humongous (2M), 1 free (2M)
}
Event: 8.250 {heap After GC invocations=20 (full 0):
 garbage-first heap   total reserved 4175872K, committed 45056K, used 23127K [0x0000000701200000, 0x0000000800000000)
  region size 2M, 0 eden (0M), 2 survivor (4M), 9 old (18M), 1 humongous (2M), 10 free (20M)
}
Event: 8.324 {heap Before GC invocations=20 (full 0):
 garbage-first heap   total reserved 4175872K, committed 45056K, used 37463K [0x0000000701200000, 0x0000000800000000)
  region size 2M, 6 eden (12M), 2 survivor (4M), 9 old (18M), 2 humongous (4M), 3 free (6M)
}
Event: 8.334 {heap After GC invocations=21 (full 0):
 garbage-first heap   total reserved 4175872K, committed 47104K, used 27807K [0x0000000701200000, 0x0000000800000000)
  region size 2M, 0 eden (0M), 1 survivor (2M), 11 old (22M), 2 humongous (4M), 9 free (18M)
}
Event: 8.486 {heap Before GC invocations=21 (full 0):
 garbage-first heap   total reserved 4175872K, committed 47104K, used 35999K [0x0000000701200000, 0x0000000800000000)
  region size 2M, 5 eden (10M), 1 survivor (2M), 11 old (22M), 2 humongous (4M), 4 free (8M)
}
Event: 8.491 {heap After GC invocations=22 (full 0):
 garbage-first heap   total reserved 4175872K, committed 47104K, used 30957K [0x0000000701200000, 0x0000000800000000)
  region size 2M, 0 eden (0M), 1 survivor (2M), 13 old (26M), 2 humongous (4M), 7 free (14M)
}
Event: 9.121 {heap Before GC invocations=23 (full 0):
 garbage-first heap   total reserved 4175872K, committed 47104K, used 37101K [0x0000000701200000, 0x0000000800000000)
  region size 2M, 4 eden (8M), 1 survivor (2M), 13 old (26M), 2 humongous (4M), 3 free (6M)
}
Event: 9.126 {heap After GC invocations=24 (full 0):
 garbage-first heap   total reserved 4175872K, committed 47104K, used 33355K [0x0000000701200000, 0x0000000800000000)
  region size 2M, 0 eden (0M), 1 survivor (2M), 14 old (28M), 2 humongous (4M), 6 free (12M)
}
Event: 9.185 {heap Before GC invocations=24 (full 0):
 garbage-first heap   total reserved 4175872K, committed 47104K, used 39499K [0x0000000701200000, 0x0000000800000000)
  region size 2M, 4 eden (8M), 1 survivor (2M), 14 old (28M), 2 humongous (4M), 2 free (4M)
}
Event: 9.197 {heap After GC invocations=25 (full 0):
 garbage-first heap   total reserved 4175872K, committed 49152K, used 35247K [0x0000000701200000, 0x0000000800000000)
  region size 2M, 0 eden (0M), 1 survivor (2M), 15 old (30M), 2 humongous (4M), 6 free (12M)
}
Event: 9.439 {heap Before GC invocations=25 (full 0):
 garbage-first heap   total reserved 4175872K, committed 49152K, used 41391K [0x0000000701200000, 0x0000000800000000)
  region size 2M, 3 eden (6M), 1 survivor (2M), 15 old (30M), 2 humongous (4M), 3 free (6M)
}
Event: 9.445 {heap After GC invocations=26 (full 0):
 garbage-first heap   total reserved 4175872K, committed 147456K, used 36867K [0x0000000701200000, 0x0000000800000000)
  region size 2M, 0 eden (0M), 1 survivor (2M), 16 old (32M), 2 humongous (4M), 53 free (106M)
}
Event: 12.104 {heap Before GC invocations=27 (full 0):
 garbage-first heap   total reserved 4175872K, committed 147456K, used 106499K [0x0000000701200000, 0x0000000800000000)
  region size 2M, 34 eden (68M), 1 survivor (2M), 16 old (32M), 2 humongous (4M), 19 free (38M)
}
Event: 12.114 {heap After GC invocations=28 (full 0):
 garbage-first heap   total reserved 4175872K, committed 147456K, used 42050K [0x0000000701200000, 0x0000000800000000)
  region size 2M, 0 eden (0M), 3 survivor (6M), 16 old (32M), 2 humongous (4M), 51 free (102M)
}

