# JRE version: OpenJDK Runtime Environment (26.0.2+10) (build 26.0.2+10-55)
# Java VM: OpenJDK 64-Bit Server VM (26.0.2+10-55, mixed mode, sharing, tiered, compressed oops, compressed class ptrs, g1 gc, windows-amd64)
GC Precious Log:
 CardTable entry size: 512
 Card Set container configuration: InlinePtr #cards 4 size 8 Array Of Cards #cards 16 size 48 Howl #buckets 8 coarsen threshold 3686 Howl Bitmap #cards 512 size 80 coarsen threshold 460 Card regions per heap region 1 cards per card region 4096
 CPUs: 16 total, 16 available
 Memory: 16306M
 Large Page Support: Disabled
 NUMA Support: Disabled
 Compressed Oops: Enabled (Zero based)
 Heap Region Size: 2M
 Heap Min Capacity: 8M
 Heap Initial Capacity: 8M
 Heap Max Capacity: 4078M
 Pre-touch: Disabled
 Parallel Workers: 13
 Concurrent Workers: 3
 Concurrent Refinement Workers: 13
 Periodic GC: Disabled
Heap:
 garbage-first heap   total reserved 4175872K, committed 79872K, used 39807K [0x0000000701200000, 0x0000000800000000)
  region size 2M, 1 eden (2M), 3 survivor (6M), 15 old (30M), 2 humongous (4M), 18 free (36M)
GC Heap Usage History (20 events):
Event: 0.462 {heap Before GC invocations=5 (full 0):
 garbage-first heap   total reserved 4175872K, committed 28672K, used 16240K [0x0000000701200000, 0x0000000800000000)
  region size 2M, 6 eden (12M), 1 survivor (2M), 2 old (4M), 0 humongous (0M), 5 free (10M)
}
Event: 0.464 {heap After GC invocations=6 (full 0):
 garbage-first heap   total reserved 4175872K, committed 28672K, used 4393K [0x0000000701200000, 0x0000000800000000)
  region size 2M, 0 eden (0M), 1 survivor (2M), 2 old (4M), 0 humongous (0M), 11 free (22M)
}
Event: 0.638 {heap Before GC invocations=6 (full 0):
 garbage-first heap   total reserved 4175872K, committed 28672K, used 18729K [0x0000000701200000, 0x0000000800000000)
  region size 2M, 7 eden (14M), 1 survivor (2M), 2 old (4M), 0 humongous (0M), 4 free (8M)
}
Event: 0.641 {heap After GC invocations=7 (full 0):
 garbage-first heap   total reserved 4175872K, committed 28672K, used 4810K [0x0000000701200000, 0x0000000800000000)
  region size 2M, 0 eden (0M), 1 survivor (2M), 3 old (6M), 0 humongous (0M), 10 free (20M)
}
Event: 0.794 {heap Before GC invocations=7 (full 0):
 garbage-first heap   total reserved 4175872K, committed 28672K, used 17098K [0x0000000701200000, 0x0000000800000000)
  region size 2M, 7 eden (14M), 1 survivor (2M), 3 old (6M), 0 humongous (0M), 3 free (6M)
}
Event: 0.797 {heap After GC invocations=8 (full 0):
 garbage-first heap   total reserved 4175872K, committed 28672K, used 5764K [0x0000000701200000, 0x0000000800000000)
  region size 2M, 0 eden (0M), 1 survivor (2M), 3 old (6M), 0 humongous (0M), 10 free (20M)
}
Event: 0.993 {heap Before GC invocations=8 (full 0):
 garbage-first heap   total reserved 4175872K, committed 28672K, used 20100K [0x0000000701200000, 0x0000000800000000)
  region size 2M, 7 eden (14M), 1 survivor (2M), 3 old (6M), 0 humongous (0M), 3 free (6M)
}
Event: 0.997 {heap After GC invocations=9 (full 0):
 garbage-first heap   total reserved 4175872K, committed 75776K, used 6919K [0x0000000701200000, 0x0000000800000000)
  region size 2M, 0 eden (0M), 1 survivor (2M), 3 old (6M), 0 humongous (0M), 33 free (66M)
}
Event: 1.490 {heap Before GC invocations=9 (full 0):
 garbage-first heap   total reserved 4175872K, committed 75776K, used 47879K [0x0000000701200000, 0x0000000800000000)
  region size 2M, 21 eden (42M), 1 survivor (2M), 3 old (6M), 0 humongous (0M), 12 free (24M)
}
Event: 1.497 {heap After GC invocations=10 (full 0):
 garbage-first heap   total reserved 4175872K, committed 75776K, used 10896K [0x0000000701200000, 0x0000000800000000)
  region size 2M, 0 eden (0M), 3 survivor (6M), 3 old (6M), 0 humongous (0M), 31 free (62M)
}
Event: 1.799 {heap Before GC invocations=10 (full 0):
 garbage-first heap   total reserved 4175872K, committed 75776K, used 49808K [0x0000000701200000, 0x0000000800000000)
  region size 2M, 19 eden (38M), 3 survivor (6M), 3 old (6M), 0 humongous (0M), 12 free (24M)
}
Event: 1.806 {heap After GC invocations=11 (full 0):
 garbage-first heap   total reserved 4175872K, committed 75776K, used 12320K [0x0000000701200000, 0x0000000800000000)
  region size 2M, 0 eden (0M), 1 survivor (2M), 6 old (12M), 0 humongous (0M), 30 free (60M)
}
Event: 2.166 {heap Before GC invocations=11 (full 0):
 garbage-first heap   total reserved 4175872K, committed 75776K, used 55328K [0x0000000701200000, 0x0000000800000000)
  region size 2M, 21 eden (42M), 1 survivor (2M), 6 old (12M), 0 humongous (0M), 9 free (18M)
}
Event: 2.170 {heap After GC invocations=12 (full 0):
 garbage-first heap   total reserved 4175872K, committed 75776K, used 14603K [0x0000000701200000, 0x0000000800000000)
  region size 2M, 0 eden (0M), 2 survivor (4M), 6 old (12M), 0 humongous (0M), 29 free (58M)
}
Event: 2.413 {heap Before GC invocations=12 (full 0):
 garbage-first heap   total reserved 4175872K, committed 75776K, used 30987K [0x0000000701200000, 0x0000000800000000)
  region size 2M, 8 eden (16M), 2 survivor (4M), 6 old (12M), 1 humongous (2M), 20 free (40M)
}
Event: 2.417 {heap After GC invocations=13 (full 0):
 garbage-first heap   total reserved 4175872K, committed 75776K, used 16002K [0x0000000701200000, 0x0000000800000000)
  region size 2M, 0 eden (0M), 2 survivor (4M), 7 old (14M), 0 humongous (0M), 28 free (56M)
}
Event: 2.759 {heap Before GC invocations=14 (full 0):
 garbage-first heap   total reserved 4175872K, committed 75776K, used 59010K [0x0000000701200000, 0x0000000800000000)
  region size 2M, 20 eden (40M), 2 survivor (4M), 7 old (14M), 2 humongous (4M), 6 free (12M)
}
Event: 2.769 {heap After GC invocations=15 (full 0):
 garbage-first heap   total reserved 4175872K, committed 79872K, used 32382K [0x0000000701200000, 0x0000000800000000)
  region size 2M, 0 eden (0M), 3 survivor (6M), 12 old (24M), 2 humongous (4M), 22 free (44M)
}
Event: 2.909 {heap Before GC invocations=15 (full 0):
 garbage-first heap   total reserved 4175872K, committed 79872K, used 63102K [0x0000000701200000, 0x0000000800000000)
  region size 2M, 15 eden (30M), 3 survivor (6M), 12 old (24M), 2 humongous (4M), 7 free (14M)
}
Event: 2.921 {heap After GC invocations=16 (full 0):
 garbage-first heap   total reserved 4175872K, committed 79872K, used 39807K [0x0000000701200000, 0x0000000800000000)
  region size 2M, 0 eden (0M), 3 survivor (6M), 15 old (30M), 2 humongous (4M), 19 free (38M)
}

